La génération a démarré 08/02/2011 16:51:17.
     1>Projet "C:\Users\Placid\Documents\Visual Studio 2010\Projects\Projet_LODs\Projet_LODs\Projet_LODs.vcxproj" sur le nœud 2 (build cible(s)).
     1>InitializeBuildStatus:
         Création de "Debug\Projet_LODs.unsuccessfulbuild", car "AlwaysCreate" a été spécifié.
       ClCompile:
         C:\Program Files (x86)\Microsoft Visual Studio 10.0\VC\bin\CL.exe /c /I"C:\Users\Placid\Documents\Visual Studio 2010\Projects\Projet_LODs\Projet_LODs" /IC:\OpenMesh\include /ZI /nologo /W3 /WX- /Od /Oy- /D WIN32 /D _DEBUG /D _CONSOLE /D _UNICODE /D UNICODE /Gm /EHsc /RTC1 /MDd /GS /fp:precise /Zc:wchar_t /Zc:forScope /Fo"Debug\\" /Fd"Debug\vc100.pdb" /Gd /TP /analyze- /errorReport:prompt main.cpp
         main.cpp
       ManifestResourceCompile:
         Toutes les sorties sont à jour.
       Link:
         C:\Program Files (x86)\Microsoft Visual Studio 10.0\VC\bin\link.exe /ERRORREPORT:PROMPT /OUT:"C:\Users\Placid\Documents\Visual Studio 2010\Projects\Projet_LODs\Debug\Projet_LODs.exe" /INCREMENTAL /NOLOGO /LIBPATH:"C:\Users\Placid\Documents\Visual Studio 2010\Projects\Projet_LODs\Projet_LODs\GL" /LIBPATH:C:\OpenMesh\lib libOpenMeshCored.lib libOpenMeshToolsd.lib kernel32.lib user32.lib gdi32.lib winspool.lib comdlg32.lib advapi32.lib shell32.lib ole32.lib oleaut32.lib uuid.lib odbc32.lib odbccp32.lib /MANIFEST /ManifestFile:"Debug\Projet_LODs.exe.intermediate.manifest" /MANIFESTUAC:"level='asInvoker' uiAccess='false'" /DEBUG /PDB:"C:\Users\Placid\Documents\Visual Studio 2010\Projects\Projet_LODs\Debug\Projet_LODs.pdb" /SUBSYSTEM:CONSOLE /TLBID:1 /DYNAMICBASE /NXCOMPAT /IMPLIB:"C:\Users\Placid\Documents\Visual Studio 2010\Projects\Projet_LODs\Debug\Projet_LODs.lib" /MACHINE:X86 Debug\Projet_LODs.exe.embed.manifest.res
         Debug\main.obj
       Manifest:
         C:\Program Files (x86)\Microsoft SDKs\Windows\v7.0A\bin\mt.exe /nologo /verbose /out:"Debug\Projet_LODs.exe.embed.manifest" /manifest Debug\Projet_LODs.exe.intermediate.manifest
         Toutes les sorties sont à jour.
       LinkEmbedManifest:
         Toutes les sorties sont à jour.
         Projet_LODs.vcxproj -> C:\Users\Placid\Documents\Visual Studio 2010\Projects\Projet_LODs\Debug\Projet_LODs.exe
       FinalizeBuildStatus:
         Suppression du fichier "Debug\Projet_LODs.unsuccessfulbuild".
         Mise à jour de l'horodatage "Debug\Projet_LODs.lastbuildstate".
     1>Génération du projet "C:\Users\Placid\Documents\Visual Studio 2010\Projects\Projet_LODs\Projet_LODs\Projet_LODs.vcxproj" terminée (build cible(s)).

La génération a réussi.

Temps écoulé 00:00:05.96
