C:\Users\Placid\Documents\Visual Studio 2010\Projects\Projet_LODs\Debug\Projet_LODs.pdb
C:\Users\Placid\Documents\Visual Studio 2010\Projects\Projet_LODs\Projet_LODs\Debug\cl.command.1.tlog
C:\Users\Placid\Documents\Visual Studio 2010\Projects\Projet_LODs\Projet_LODs\Debug\CL.read.1.tlog
C:\Users\Placid\Documents\Visual Studio 2010\Projects\Projet_LODs\Projet_LODs\Debug\CL.write.1.tlog
C:\Users\Placid\Documents\Visual Studio 2010\Projects\Projet_LODs\Projet_LODs\Debug\link.408.read.1.tlog
C:\Users\Placid\Documents\Visual Studio 2010\Projects\Projet_LODs\Projet_LODs\Debug\link.408.write.1.tlog
C:\Users\Placid\Documents\Visual Studio 2010\Projects\Projet_LODs\Projet_LODs\Debug\link.408-cvtres.read.1.tlog
C:\Users\Placid\Documents\Visual Studio 2010\Projects\Projet_LODs\Projet_LODs\Debug\link.408-cvtres.write.1.tlog
C:\Users\Placid\Documents\Visual Studio 2010\Projects\Projet_LODs\Projet_LODs\Debug\link.command.1.tlog
C:\Users\Placid\Documents\Visual Studio 2010\Projects\Projet_LODs\Projet_LODs\Debug\link.read.1.tlog
C:\Users\Placid\Documents\Visual Studio 2010\Projects\Projet_LODs\Projet_LODs\Debug\link.write.1.tlog
C:\Users\Placid\Documents\Visual Studio 2010\Projects\Projet_LODs\Projet_LODs\Debug\link-cvtres.read.1.tlog
C:\Users\Placid\Documents\Visual Studio 2010\Projects\Projet_LODs\Projet_LODs\Debug\link-cvtres.write.1.tlog
C:\USERS\PLACID\DOCUMENTS\VISUAL STUDIO 2010\PROJECTS\PROJET_LODS\PROJET_LODS\DEBUG\MAIN.OBJ
C:\Users\Placid\Documents\Visual Studio 2010\Projects\Projet_LODs\Projet_LODs\Debug\mt.command.1.tlog
C:\Users\Placid\Documents\Visual Studio 2010\Projects\Projet_LODs\Projet_LODs\Debug\mt.read.1.tlog
C:\Users\Placid\Documents\Visual Studio 2010\Projects\Projet_LODs\Projet_LODs\Debug\mt.write.1.tlog
C:\USERS\PLACID\DOCUMENTS\VISUAL STUDIO 2010\PROJECTS\PROJET_LODS\PROJET_LODS\DEBUG\PROJET_LODS.EXE.EMBED.MANIFEST
C:\USERS\PLACID\DOCUMENTS\VISUAL STUDIO 2010\PROJECTS\PROJET_LODS\PROJET_LODS\DEBUG\PROJET_LODS.EXE.EMBED.MANIFEST.RES
C:\Users\Placid\Documents\Visual Studio 2010\Projects\Projet_LODs\Projet_LODs\Debug\Projet_LODs.exe.intermediate.manifest
C:\Users\Placid\Documents\Visual Studio 2010\Projects\Projet_LODs\Projet_LODs\Debug\Projet_LODs_manifest.rc
C:\Users\Placid\Documents\Visual Studio 2010\Projects\Projet_LODs\Projet_LODs\Debug\rc.command.1.tlog
C:\Users\Placid\Documents\Visual Studio 2010\Projects\Projet_LODs\Projet_LODs\Debug\rc.read.1.tlog
C:\Users\Placid\Documents\Visual Studio 2010\Projects\Projet_LODs\Projet_LODs\Debug\rc.write.1.tlog
C:\Users\Placid\Documents\Visual Studio 2010\Projects\Projet_LODs\Projet_LODs\Debug\vc100.idb
C:\USERS\PLACID\DOCUMENTS\VISUAL STUDIO 2010\PROJECTS\PROJET_LODS\PROJET_LODS\DEBUG\VC100.PDB
