C:\USERS\PLACID\DOCUMENTS\VISUAL STUDIO 2010\PROJECTS\PROJET_LODS\DEBUG\PROJET_LODS.EXE
C:\USERS\PLACID\DOCUMENTS\VISUAL STUDIO 2010\PROJECTS\PROJET_LODS\DEBUG\PROJET_LODS.ILK
C:\USERS\PLACID\DOCUMENTS\VISUAL STUDIO 2010\PROJECTS\PROJET_LODS\DEBUG\PROJET_LODS.PDB
C:\Users\Placid\Documents\Visual Studio 2010\Projects\Projet_LODs\Projet_LODs\Debug\cl.command.1.tlog
C:\Users\Placid\Documents\Visual Studio 2010\Projects\Projet_LODs\Projet_LODs\Debug\CL.read.1.tlog
C:\Users\Placid\Documents\Visual Studio 2010\Projects\Projet_LODs\Projet_LODs\Debug\CL.write.1.tlog
C:\Users\Placid\Documents\Visual Studio 2010\Projects\Projet_LODs\Projet_LODs\Debug\link.1796.read.1.tlog
C:\Users\Placid\Documents\Visual Studio 2010\Projects\Projet_LODs\Projet_LODs\Debug\link.1796.write.1.tlog
C:\Users\Placid\Documents\Visual Studio 2010\Projects\Projet_LODs\Projet_LODs\Debug\link.1796-cvtres.read.1.tlog
C:\Users\Placid\Documents\Visual Studio 2010\Projects\Projet_LODs\Projet_LODs\Debug\link.1796-cvtres.write.1.tlog
C:\Users\Placid\Documents\Visual Studio 2010\Projects\Projet_LODs\Projet_LODs\Debug\link.2508.read.1.tlog
C:\Users\Placid\Documents\Visual Studio 2010\Projects\Projet_LODs\Projet_LODs\Debug\link.2508.write.1.tlog
C:\Users\Placid\Documents\Visual Studio 2010\Projects\Projet_LODs\Projet_LODs\Debug\link.2508-cvtres.read.1.tlog
C:\Users\Placid\Documents\Visual Studio 2010\Projects\Projet_LODs\Projet_LODs\Debug\link.2508-cvtres.write.1.tlog
C:\Users\Placid\Documents\Visual Studio 2010\Projects\Projet_LODs\Projet_LODs\Debug\link.2644.read.1.tlog
C:\Users\Placid\Documents\Visual Studio 2010\Projects\Projet_LODs\Projet_LODs\Debug\link.2644.write.1.tlog
C:\Users\Placid\Documents\Visual Studio 2010\Projects\Projet_LODs\Projet_LODs\Debug\link.2644-cvtres.read.1.tlog
C:\Users\Placid\Documents\Visual Studio 2010\Projects\Projet_LODs\Projet_LODs\Debug\link.2644-cvtres.write.1.tlog
C:\Users\Placid\Documents\Visual Studio 2010\Projects\Projet_LODs\Projet_LODs\Debug\link.3296.read.1.tlog
C:\Users\Placid\Documents\Visual Studio 2010\Projects\Projet_LODs\Projet_LODs\Debug\link.3296.write.1.tlog
C:\Users\Placid\Documents\Visual Studio 2010\Projects\Projet_LODs\Projet_LODs\Debug\link.3296-cvtres.read.1.tlog
C:\Users\Placid\Documents\Visual Studio 2010\Projects\Projet_LODs\Projet_LODs\Debug\link.3296-cvtres.write.1.tlog
C:\Users\Placid\Documents\Visual Studio 2010\Projects\Projet_LODs\Projet_LODs\Debug\link.3968.read.1.tlog
C:\Users\Placid\Documents\Visual Studio 2010\Projects\Projet_LODs\Projet_LODs\Debug\link.3968.write.1.tlog
C:\Users\Placid\Documents\Visual Studio 2010\Projects\Projet_LODs\Projet_LODs\Debug\link.3968-cvtres.read.1.tlog
C:\Users\Placid\Documents\Visual Studio 2010\Projects\Projet_LODs\Projet_LODs\Debug\link.3968-cvtres.write.1.tlog
C:\Users\Placid\Documents\Visual Studio 2010\Projects\Projet_LODs\Projet_LODs\Debug\link.4048.read.1.tlog
C:\Users\Placid\Documents\Visual Studio 2010\Projects\Projet_LODs\Projet_LODs\Debug\link.4048.write.1.tlog
C:\Users\Placid\Documents\Visual Studio 2010\Projects\Projet_LODs\Projet_LODs\Debug\link.4048-cvtres.read.1.tlog
C:\Users\Placid\Documents\Visual Studio 2010\Projects\Projet_LODs\Projet_LODs\Debug\link.4048-cvtres.write.1.tlog
C:\Users\Placid\Documents\Visual Studio 2010\Projects\Projet_LODs\Projet_LODs\Debug\link.408.read.1.tlog
C:\Users\Placid\Documents\Visual Studio 2010\Projects\Projet_LODs\Projet_LODs\Debug\link.408.write.1.tlog
C:\Users\Placid\Documents\Visual Studio 2010\Projects\Projet_LODs\Projet_LODs\Debug\link.408-cvtres.read.1.tlog
C:\Users\Placid\Documents\Visual Studio 2010\Projects\Projet_LODs\Projet_LODs\Debug\link.408-cvtres.write.1.tlog
C:\Users\Placid\Documents\Visual Studio 2010\Projects\Projet_LODs\Projet_LODs\Debug\link.4844.read.1.tlog
C:\Users\Placid\Documents\Visual Studio 2010\Projects\Projet_LODs\Projet_LODs\Debug\link.4844.write.1.tlog
C:\Users\Placid\Documents\Visual Studio 2010\Projects\Projet_LODs\Projet_LODs\Debug\link.4844-cvtres.read.1.tlog
C:\Users\Placid\Documents\Visual Studio 2010\Projects\Projet_LODs\Projet_LODs\Debug\link.4844-cvtres.write.1.tlog
C:\Users\Placid\Documents\Visual Studio 2010\Projects\Projet_LODs\Projet_LODs\Debug\link.5080.read.1.tlog
C:\Users\Placid\Documents\Visual Studio 2010\Projects\Projet_LODs\Projet_LODs\Debug\link.5080.write.1.tlog
C:\Users\Placid\Documents\Visual Studio 2010\Projects\Projet_LODs\Projet_LODs\Debug\link.5080-cvtres.read.1.tlog
C:\Users\Placid\Documents\Visual Studio 2010\Projects\Projet_LODs\Projet_LODs\Debug\link.5080-cvtres.write.1.tlog
C:\Users\Placid\Documents\Visual Studio 2010\Projects\Projet_LODs\Projet_LODs\Debug\link.5128.read.1.tlog
C:\Users\Placid\Documents\Visual Studio 2010\Projects\Projet_LODs\Projet_LODs\Debug\link.5128.write.1.tlog
C:\Users\Placid\Documents\Visual Studio 2010\Projects\Projet_LODs\Projet_LODs\Debug\link.5128-cvtres.read.1.tlog
C:\Users\Placid\Documents\Visual Studio 2010\Projects\Projet_LODs\Projet_LODs\Debug\link.5128-cvtres.write.1.tlog
C:\Users\Placid\Documents\Visual Studio 2010\Projects\Projet_LODs\Projet_LODs\Debug\link.5160.read.1.tlog
C:\Users\Placid\Documents\Visual Studio 2010\Projects\Projet_LODs\Projet_LODs\Debug\link.5160.write.1.tlog
C:\Users\Placid\Documents\Visual Studio 2010\Projects\Projet_LODs\Projet_LODs\Debug\link.5160-cvtres.read.1.tlog
C:\Users\Placid\Documents\Visual Studio 2010\Projects\Projet_LODs\Projet_LODs\Debug\link.5160-cvtres.write.1.tlog
C:\Users\Placid\Documents\Visual Studio 2010\Projects\Projet_LODs\Projet_LODs\Debug\link.5240.read.1.tlog
C:\Users\Placid\Documents\Visual Studio 2010\Projects\Projet_LODs\Projet_LODs\Debug\link.5240.write.1.tlog
C:\Users\Placid\Documents\Visual Studio 2010\Projects\Projet_LODs\Projet_LODs\Debug\link.5240-cvtres.read.1.tlog
C:\Users\Placid\Documents\Visual Studio 2010\Projects\Projet_LODs\Projet_LODs\Debug\link.5240-cvtres.write.1.tlog
C:\Users\Placid\Documents\Visual Studio 2010\Projects\Projet_LODs\Projet_LODs\Debug\link.5416.read.1.tlog
C:\Users\Placid\Documents\Visual Studio 2010\Projects\Projet_LODs\Projet_LODs\Debug\link.5416.write.1.tlog
C:\Users\Placid\Documents\Visual Studio 2010\Projects\Projet_LODs\Projet_LODs\Debug\link.5416-cvtres.read.1.tlog
C:\Users\Placid\Documents\Visual Studio 2010\Projects\Projet_LODs\Projet_LODs\Debug\link.5416-cvtres.write.1.tlog
C:\Users\Placid\Documents\Visual Studio 2010\Projects\Projet_LODs\Projet_LODs\Debug\link.5484.read.1.tlog
C:\Users\Placid\Documents\Visual Studio 2010\Projects\Projet_LODs\Projet_LODs\Debug\link.5484.write.1.tlog
C:\Users\Placid\Documents\Visual Studio 2010\Projects\Projet_LODs\Projet_LODs\Debug\link.5484-cvtres.read.1.tlog
C:\Users\Placid\Documents\Visual Studio 2010\Projects\Projet_LODs\Projet_LODs\Debug\link.5484-cvtres.write.1.tlog
C:\Users\Placid\Documents\Visual Studio 2010\Projects\Projet_LODs\Projet_LODs\Debug\link.5524.read.1.tlog
C:\Users\Placid\Documents\Visual Studio 2010\Projects\Projet_LODs\Projet_LODs\Debug\link.5524.write.1.tlog
C:\Users\Placid\Documents\Visual Studio 2010\Projects\Projet_LODs\Projet_LODs\Debug\link.5524-cvtres.read.1.tlog
C:\Users\Placid\Documents\Visual Studio 2010\Projects\Projet_LODs\Projet_LODs\Debug\link.5524-cvtres.write.1.tlog
C:\Users\Placid\Documents\Visual Studio 2010\Projects\Projet_LODs\Projet_LODs\Debug\link.5768.read.1.tlog
C:\Users\Placid\Documents\Visual Studio 2010\Projects\Projet_LODs\Projet_LODs\Debug\link.5768.write.1.tlog
C:\Users\Placid\Documents\Visual Studio 2010\Projects\Projet_LODs\Projet_LODs\Debug\link.5768-cvtres.read.1.tlog
C:\Users\Placid\Documents\Visual Studio 2010\Projects\Projet_LODs\Projet_LODs\Debug\link.5768-cvtres.write.1.tlog
C:\Users\Placid\Documents\Visual Studio 2010\Projects\Projet_LODs\Projet_LODs\Debug\link.5808.read.1.tlog
C:\Users\Placid\Documents\Visual Studio 2010\Projects\Projet_LODs\Projet_LODs\Debug\link.5808.write.1.tlog
C:\Users\Placid\Documents\Visual Studio 2010\Projects\Projet_LODs\Projet_LODs\Debug\link.5808-cvtres.read.1.tlog
C:\Users\Placid\Documents\Visual Studio 2010\Projects\Projet_LODs\Projet_LODs\Debug\link.5808-cvtres.write.1.tlog
C:\Users\Placid\Documents\Visual Studio 2010\Projects\Projet_LODs\Projet_LODs\Debug\link.5972.read.1.tlog
C:\Users\Placid\Documents\Visual Studio 2010\Projects\Projet_LODs\Projet_LODs\Debug\link.5972.write.1.tlog
C:\Users\Placid\Documents\Visual Studio 2010\Projects\Projet_LODs\Projet_LODs\Debug\link.5972-cvtres.read.1.tlog
C:\Users\Placid\Documents\Visual Studio 2010\Projects\Projet_LODs\Projet_LODs\Debug\link.5972-cvtres.write.1.tlog
C:\Users\Placid\Documents\Visual Studio 2010\Projects\Projet_LODs\Projet_LODs\Debug\link.6024.read.1.tlog
C:\Users\Placid\Documents\Visual Studio 2010\Projects\Projet_LODs\Projet_LODs\Debug\link.6024.write.1.tlog
C:\Users\Placid\Documents\Visual Studio 2010\Projects\Projet_LODs\Projet_LODs\Debug\link.6024-cvtres.read.1.tlog
C:\Users\Placid\Documents\Visual Studio 2010\Projects\Projet_LODs\Projet_LODs\Debug\link.6024-cvtres.write.1.tlog
C:\Users\Placid\Documents\Visual Studio 2010\Projects\Projet_LODs\Projet_LODs\Debug\link.6120.read.1.tlog
C:\Users\Placid\Documents\Visual Studio 2010\Projects\Projet_LODs\Projet_LODs\Debug\link.6120.write.1.tlog
C:\Users\Placid\Documents\Visual Studio 2010\Projects\Projet_LODs\Projet_LODs\Debug\link.6120-cvtres.read.1.tlog
C:\Users\Placid\Documents\Visual Studio 2010\Projects\Projet_LODs\Projet_LODs\Debug\link.6120-cvtres.write.1.tlog
C:\Users\Placid\Documents\Visual Studio 2010\Projects\Projet_LODs\Projet_LODs\Debug\link.6424.read.1.tlog
C:\Users\Placid\Documents\Visual Studio 2010\Projects\Projet_LODs\Projet_LODs\Debug\link.6424.write.1.tlog
C:\Users\Placid\Documents\Visual Studio 2010\Projects\Projet_LODs\Projet_LODs\Debug\link.6424-cvtres.read.1.tlog
C:\Users\Placid\Documents\Visual Studio 2010\Projects\Projet_LODs\Projet_LODs\Debug\link.6424-cvtres.write.1.tlog
C:\Users\Placid\Documents\Visual Studio 2010\Projects\Projet_LODs\Projet_LODs\Debug\link.6588.read.1.tlog
C:\Users\Placid\Documents\Visual Studio 2010\Projects\Projet_LODs\Projet_LODs\Debug\link.6588.write.1.tlog
C:\Users\Placid\Documents\Visual Studio 2010\Projects\Projet_LODs\Projet_LODs\Debug\link.6588-cvtres.read.1.tlog
C:\Users\Placid\Documents\Visual Studio 2010\Projects\Projet_LODs\Projet_LODs\Debug\link.6588-cvtres.write.1.tlog
C:\Users\Placid\Documents\Visual Studio 2010\Projects\Projet_LODs\Projet_LODs\Debug\link.7044.read.1.tlog
C:\Users\Placid\Documents\Visual Studio 2010\Projects\Projet_LODs\Projet_LODs\Debug\link.7044.write.1.tlog
C:\Users\Placid\Documents\Visual Studio 2010\Projects\Projet_LODs\Projet_LODs\Debug\link.7044-cvtres.read.1.tlog
C:\Users\Placid\Documents\Visual Studio 2010\Projects\Projet_LODs\Projet_LODs\Debug\link.7044-cvtres.write.1.tlog
C:\Users\Placid\Documents\Visual Studio 2010\Projects\Projet_LODs\Projet_LODs\Debug\link.880.read.1.tlog
C:\Users\Placid\Documents\Visual Studio 2010\Projects\Projet_LODs\Projet_LODs\Debug\link.880.write.1.tlog
C:\Users\Placid\Documents\Visual Studio 2010\Projects\Projet_LODs\Projet_LODs\Debug\link.880-cvtres.read.1.tlog
C:\Users\Placid\Documents\Visual Studio 2010\Projects\Projet_LODs\Projet_LODs\Debug\link.880-cvtres.write.1.tlog
C:\Users\Placid\Documents\Visual Studio 2010\Projects\Projet_LODs\Projet_LODs\Debug\link.960.read.1.tlog
C:\Users\Placid\Documents\Visual Studio 2010\Projects\Projet_LODs\Projet_LODs\Debug\link.960.write.1.tlog
C:\Users\Placid\Documents\Visual Studio 2010\Projects\Projet_LODs\Projet_LODs\Debug\link.960-cvtres.read.1.tlog
C:\Users\Placid\Documents\Visual Studio 2010\Projects\Projet_LODs\Projet_LODs\Debug\link.960-cvtres.write.1.tlog
C:\Users\Placid\Documents\Visual Studio 2010\Projects\Projet_LODs\Projet_LODs\Debug\link.command.1.tlog
C:\Users\Placid\Documents\Visual Studio 2010\Projects\Projet_LODs\Projet_LODs\Debug\link.read.1.tlog
C:\Users\Placid\Documents\Visual Studio 2010\Projects\Projet_LODs\Projet_LODs\Debug\link.write.1.tlog
C:\Users\Placid\Documents\Visual Studio 2010\Projects\Projet_LODs\Projet_LODs\Debug\link-cvtres.read.1.tlog
C:\Users\Placid\Documents\Visual Studio 2010\Projects\Projet_LODs\Projet_LODs\Debug\link-cvtres.write.1.tlog
C:\USERS\PLACID\DOCUMENTS\VISUAL STUDIO 2010\PROJECTS\PROJET_LODS\PROJET_LODS\DEBUG\MAIN.OBJ
C:\Users\Placid\Documents\Visual Studio 2010\Projects\Projet_LODs\Projet_LODs\Debug\mt.command.1.tlog
C:\Users\Placid\Documents\Visual Studio 2010\Projects\Projet_LODs\Projet_LODs\Debug\mt.read.1.tlog
C:\Users\Placid\Documents\Visual Studio 2010\Projects\Projet_LODs\Projet_LODs\Debug\mt.write.1.tlog
C:\USERS\PLACID\DOCUMENTS\VISUAL STUDIO 2010\PROJECTS\PROJET_LODS\PROJET_LODS\DEBUG\PROJET_LODS.EXE.EMBED.MANIFEST
C:\USERS\PLACID\DOCUMENTS\VISUAL STUDIO 2010\PROJECTS\PROJET_LODS\PROJET_LODS\DEBUG\PROJET_LODS.EXE.EMBED.MANIFEST.RES
C:\USERS\PLACID\DOCUMENTS\VISUAL STUDIO 2010\PROJECTS\PROJET_LODS\PROJET_LODS\DEBUG\PROJET_LODS.EXE.INTERMEDIATE.MANIFEST
C:\Users\Placid\Documents\Visual Studio 2010\Projects\Projet_LODs\Projet_LODs\Debug\Projet_LODs_manifest.rc
C:\Users\Placid\Documents\Visual Studio 2010\Projects\Projet_LODs\Projet_LODs\Debug\rc.command.1.tlog
C:\Users\Placid\Documents\Visual Studio 2010\Projects\Projet_LODs\Projet_LODs\Debug\rc.read.1.tlog
C:\Users\Placid\Documents\Visual Studio 2010\Projects\Projet_LODs\Projet_LODs\Debug\rc.write.1.tlog
C:\Users\Placid\Documents\Visual Studio 2010\Projects\Projet_LODs\Projet_LODs\Debug\vc100.idb
C:\USERS\PLACID\DOCUMENTS\VISUAL STUDIO 2010\PROJECTS\PROJET_LODS\PROJET_LODS\DEBUG\VC100.PDB
