La génération a démarré 03/02/2011 18:44:50.
     1>Projet "c:\Users\Placid\documents\visual studio 2010\Projects\Projet_LODs\Projet_LODs\Projet_LODs.vcxproj" sur le nœud 2 (build cible(s)).
     1>InitializeBuildStatus:
         Mise à jour de l'horodatage "Debug\Projet_LODs.unsuccessfulbuild".
       ClCompile:
         Toutes les sorties sont à jour.
         C:\Program Files (x86)\Microsoft Visual Studio 10.0\VC\bin\CL.exe /c /I"C:\Program Files (x86)\OpenMesh 2.0\include" /I"C:\Users\Placid\Documents\Visual Studio 2010\Projects\Projet_LODs\Projet_LODs" /ZI /nologo /W3 /WX- /Od /Oy- /D WIN32 /D _DEBUG /D _CONSOLE /D _UNICODE /D UNICODE /Gm /EHsc /RTC1 /MDd /GS /fp:precise /Zc:wchar_t /Zc:forScope /Fo"Debug\\" /Fd"Debug\vc100.pdb" /Gd /TP /analyze- /errorReport:prompt main.cpp
         main.cpp
       ManifestResourceCompile:
         Toutes les sorties sont à jour.
       Link:
         C:\Program Files (x86)\Microsoft Visual Studio 10.0\VC\bin\link.exe /ERRORREPORT:PROMPT /OUT:"c:\users\placid\documents\visual studio 2010\Projects\Projet_LODs\Debug\Projet_LODs.exe" /INCREMENTAL /NOLOGO /LIBPATH:"C:\Program Files (x86)\OpenMesh 2.0\lib" /LIBPATH:"C:\Users\Placid\Documents\Visual Studio 2010\Projects\Projet_LODs\Projet_LODs\GL" kernel32.lib user32.lib gdi32.lib winspool.lib comdlg32.lib advapi32.lib shell32.lib ole32.lib oleaut32.lib uuid.lib odbc32.lib odbccp32.lib /MANIFEST /ManifestFile:"Debug\Projet_LODs.exe.intermediate.manifest" /MANIFESTUAC:"level='asInvoker' uiAccess='false'" /DEBUG /PDB:"c:\users\placid\documents\visual studio 2010\Projects\Projet_LODs\Debug\Projet_LODs.pdb" /SUBSYSTEM:CONSOLE /TLBID:1 /DYNAMICBASE /NXCOMPAT /IMPLIB:"c:\users\placid\documents\visual studio 2010\Projects\Projet_LODs\Debug\Projet_LODs.lib" /MACHINE:X86 Debug\Projet_LODs.exe.embed.manifest.res
         Debug\main.obj
     1>main.obj : error LNK2019: symbole externe non résolu "public: bool __thiscall OpenMesh::IO::_IOManager_::read(class std::basic_string<char,struct std::char_traits<char>,class std::allocator<char> > const &,class OpenMesh::IO::BaseImporter &,class OpenMesh::IO::Options &)" (?read@_IOManager_@IO@OpenMesh@@QAE_NABV?$basic_string@DU?$char_traits@D@std@@V?$allocator@D@2@@std@@AAVBaseImporter@23@AAVOptions@23@@Z) référencé dans la fonction "bool __cdecl OpenMesh::IO::read_mesh<class OpenMesh::TriMesh_ArrayKernelT<struct OpenMesh::DefaultTraits> >(class OpenMesh::TriMesh_ArrayKernelT<struct OpenMesh::DefaultTraits> &,class std::basic_string<char,struct std::char_traits<char>,class std::allocator<char> > const &,class OpenMesh::IO::Options &,bool)" (??$read_mesh@V?$TriMesh_ArrayKernelT@UDefaultTraits@OpenMesh@@@OpenMesh@@@IO@OpenMesh@@YA_NAAV?$TriMesh_ArrayKernelT@UDefaultTraits@OpenMesh@@@1@ABV?$basic_string@DU?$char_traits@D@std@@V?$allocator@D@2@@std@@AAVOptions@01@_N@Z)
     1>main.obj : error LNK2019: symbole externe non résolu "class OpenMesh::IO::_IOManager_ & __cdecl OpenMesh::IO::IOManager(void)" (?IOManager@IO@OpenMesh@@YAAAV_IOManager_@12@XZ) référencé dans la fonction "bool __cdecl OpenMesh::IO::read_mesh<class OpenMesh::TriMesh_ArrayKernelT<struct OpenMesh::DefaultTraits> >(class OpenMesh::TriMesh_ArrayKernelT<struct OpenMesh::DefaultTraits> &,class std::basic_string<char,struct std::char_traits<char>,class std::allocator<char> > const &,class OpenMesh::IO::Options &,bool)" (??$read_mesh@V?$TriMesh_ArrayKernelT@UDefaultTraits@OpenMesh@@@OpenMesh@@@IO@OpenMesh@@YA_NAAV?$TriMesh_ArrayKernelT@UDefaultTraits@OpenMesh@@@1@ABV?$basic_string@DU?$char_traits@D@std@@V?$allocator@D@2@@std@@AAVOptions@01@_N@Z)
     1>main.obj : error LNK2019: symbole externe non résolu "public: void __thiscall OpenMesh::ArrayKernel::clear(void)" (?clear@ArrayKernel@OpenMesh@@QAEXXZ) référencé dans la fonction "bool __cdecl OpenMesh::IO::read_mesh<class OpenMesh::TriMesh_ArrayKernelT<struct OpenMesh::DefaultTraits> >(class OpenMesh::TriMesh_ArrayKernelT<struct OpenMesh::DefaultTraits> &,class std::basic_string<char,struct std::char_traits<char>,class std::allocator<char> > const &,class OpenMesh::IO::Options &,bool)" (??$read_mesh@V?$TriMesh_ArrayKernelT@UDefaultTraits@OpenMesh@@@OpenMesh@@@IO@OpenMesh@@YA_NAAV?$TriMesh_ArrayKernelT@UDefaultTraits@OpenMesh@@@1@ABV?$basic_string@DU?$char_traits@D@std@@V?$allocator@D@2@@std@@AAVOptions@01@_N@Z)
     1>main.obj : error LNK2019: symbole externe non résolu "class OpenMesh::mostream & __cdecl omerr(void)" (?omerr@@YAAAVmostream@OpenMesh@@XZ) référencé dans la fonction "public: virtual struct OpenMesh::FaceHandle __thiscall OpenMesh::IO::ImporterT<class OpenMesh::TriMesh_ArrayKernelT<struct OpenMesh::DefaultTraits> >::add_face(class std::vector<struct OpenMesh::VertexHandle,class std::allocator<struct OpenMesh::VertexHandle> > const &)" (?add_face@?$ImporterT@V?$TriMesh_ArrayKernelT@UDefaultTraits@OpenMesh@@@OpenMesh@@@IO@OpenMesh@@UAE?AUFaceHandle@3@ABV?$vector@UVertexHandle@OpenMesh@@V?$allocator@UVertexHandle@OpenMesh@@@std@@@std@@@Z)
     1>main.obj : error LNK2019: symbole externe non résolu "public: struct OpenMesh::FaceHandle __thiscall OpenMesh::TriConnectivity::add_face(struct OpenMesh::VertexHandle const *,unsigned int)" (?add_face@TriConnectivity@OpenMesh@@QAE?AUFaceHandle@2@PBUVertexHandle@2@I@Z) référencé dans la fonction "public: struct OpenMesh::FaceHandle __thiscall OpenMesh::TriConnectivity::add_face(class std::vector<struct OpenMesh::VertexHandle,class std::allocator<struct OpenMesh::VertexHandle> > const &)" (?add_face@TriConnectivity@OpenMesh@@QAE?AUFaceHandle@2@ABV?$vector@UVertexHandle@OpenMesh@@V?$allocator@UVertexHandle@OpenMesh@@@std@@@std@@@Z)
     1>main.obj : error LNK2019: symbole externe non résolu "public: void __thiscall OpenMesh::ArrayKernel::reserve(unsigned int,unsigned int,unsigned int)" (?reserve@ArrayKernel@OpenMesh@@QAEXIII@Z) référencé dans la fonction "public: virtual void __thiscall OpenMesh::IO::ImporterT<class OpenMesh::TriMesh_ArrayKernelT<struct OpenMesh::DefaultTraits> >::reserve(unsigned int,unsigned int,unsigned int)" (?reserve@?$ImporterT@V?$TriMesh_ArrayKernelT@UDefaultTraits@OpenMesh@@@OpenMesh@@@IO@OpenMesh@@UAEXIII@Z)
     1>main.obj : error LNK2001: symbole externe non résolu "public: virtual void __thiscall OpenMesh::BaseProperty::stats(class std::basic_ostream<char,struct std::char_traits<char> > &)const " (?stats@BaseProperty@OpenMesh@@UBEXAAV?$basic_ostream@DU?$char_traits@D@std@@@std@@@Z)
     1>main.obj : error LNK2019: symbole externe non résolu "class OpenMesh::IO::_OFFReader_ & __cdecl OpenMesh::IO::OFFReader(void)" (?OFFReader@IO@OpenMesh@@YAAAV_OFFReader_@12@XZ) référencé dans la fonction "void __cdecl OpenMesh::IO::`dynamic initializer for 'OFFReaderInstance''(void)" (??__EOFFReaderInstance@IO@OpenMesh@@YAXXZ)
     1>main.obj : error LNK2019: symbole externe non résolu "class OpenMesh::IO::_OBJReader_ & __cdecl OpenMesh::IO::OBJReader(void)" (?OBJReader@IO@OpenMesh@@YAAAV_OBJReader_@12@XZ) référencé dans la fonction "void __cdecl OpenMesh::IO::`dynamic initializer for 'OBJReaderInstance''(void)" (??__EOBJReaderInstance@IO@OpenMesh@@YAXXZ)
     1>main.obj : error LNK2019: symbole externe non résolu "class OpenMesh::IO::_PLYReader_ & __cdecl OpenMesh::IO::PLYReader(void)" (?PLYReader@IO@OpenMesh@@YAAAV_PLYReader_@12@XZ) référencé dans la fonction "void __cdecl OpenMesh::IO::`dynamic initializer for 'PLYReaderInstance''(void)" (??__EPLYReaderInstance@IO@OpenMesh@@YAXXZ)
     1>main.obj : error LNK2019: symbole externe non résolu "class OpenMesh::IO::_STLReader_ & __cdecl OpenMesh::IO::STLReader(void)" (?STLReader@IO@OpenMesh@@YAAAV_STLReader_@12@XZ) référencé dans la fonction "void __cdecl OpenMesh::IO::`dynamic initializer for 'STLReaderInstance''(void)" (??__ESTLReaderInstance@IO@OpenMesh@@YAXXZ)
     1>main.obj : error LNK2019: symbole externe non résolu "class OpenMesh::IO::_OMReader_ & __cdecl OpenMesh::IO::OMReader(void)" (?OMReader@IO@OpenMesh@@YAAAV_OMReader_@12@XZ) référencé dans la fonction "void __cdecl OpenMesh::IO::`dynamic initializer for 'OMReaderInstance''(void)" (??__EOMReaderInstance@IO@OpenMesh@@YAXXZ)
     1>main.obj : error LNK2019: symbole externe non résolu "class OpenMesh::IO::_OBJWriter_ & __cdecl OpenMesh::IO::OBJWriter(void)" (?OBJWriter@IO@OpenMesh@@YAAAV_OBJWriter_@12@XZ) référencé dans la fonction "void __cdecl OpenMesh::IO::`dynamic initializer for 'OBJWriterInstance''(void)" (??__EOBJWriterInstance@IO@OpenMesh@@YAXXZ)
     1>main.obj : error LNK2019: symbole externe non résolu "class OpenMesh::IO::_OFFWriter_ & __cdecl OpenMesh::IO::OFFWriter(void)" (?OFFWriter@IO@OpenMesh@@YAAAV_OFFWriter_@12@XZ) référencé dans la fonction "void __cdecl OpenMesh::IO::`dynamic initializer for 'OFFWriterInstance''(void)" (??__EOFFWriterInstance@IO@OpenMesh@@YAXXZ)
     1>main.obj : error LNK2019: symbole externe non résolu "class OpenMesh::IO::_STLWriter_ & __cdecl OpenMesh::IO::STLWriter(void)" (?STLWriter@IO@OpenMesh@@YAAAV_STLWriter_@12@XZ) référencé dans la fonction "void __cdecl OpenMesh::IO::`dynamic initializer for 'STLWriterInstance''(void)" (??__ESTLWriterInstance@IO@OpenMesh@@YAXXZ)
     1>main.obj : error LNK2019: symbole externe non résolu "class OpenMesh::IO::_OMWriter_ & __cdecl OpenMesh::IO::OMWriter(void)" (?OMWriter@IO@OpenMesh@@YAAAV_OMWriter_@12@XZ) référencé dans la fonction "void __cdecl OpenMesh::IO::`dynamic initializer for 'OMWriterInstance''(void)" (??__EOMWriterInstance@IO@OpenMesh@@YAXXZ)
     1>main.obj : error LNK2019: symbole externe non résolu "class OpenMesh::IO::_PLYWriter_ & __cdecl OpenMesh::IO::PLYWriter(void)" (?PLYWriter@IO@OpenMesh@@YAAAV_PLYWriter_@12@XZ) référencé dans la fonction "void __cdecl OpenMesh::IO::`dynamic initializer for 'PLYWriterInstance''(void)" (??__EPLYWriterInstance@IO@OpenMesh@@YAXXZ)
     1>main.obj : error LNK2019: symbole externe non résolu "public: virtual __thiscall OpenMesh::ArrayKernel::~ArrayKernel(void)" (??1ArrayKernel@OpenMesh@@UAE@XZ) référencé dans la fonction "public: virtual __thiscall OpenMesh::PolyConnectivity::~PolyConnectivity(void)" (??1PolyConnectivity@OpenMesh@@UAE@XZ)
     1>main.obj : error LNK2019: symbole externe non résolu "public: __thiscall OpenMesh::ArrayKernel::ArrayKernel(void)" (??0ArrayKernel@OpenMesh@@QAE@XZ) référencé dans la fonction "public: __thiscall OpenMesh::PolyConnectivity::PolyConnectivity(void)" (??0PolyConnectivity@OpenMesh@@QAE@XZ)
     1>c:\users\placid\documents\visual studio 2010\Projects\Projet_LODs\Debug\Projet_LODs.exe : fatal error LNK1120: 19 externes non résolus
     1>Génération du projet "c:\Users\Placid\documents\visual studio 2010\Projects\Projet_LODs\Projet_LODs\Projet_LODs.vcxproj" terminée (build cible(s)) -- ÉCHEC.

ÉCHEC de la build.

Temps écoulé 00:00:03.34
